<?xml version="1.0" encoding="UTF-8"?>
<!-- Generated by org.testng.reporters.JUnitXMLReporter -->
<testsuite hostname="SKY-20160521ARY" name="Default test" tests="3" failures="0" timestamp="24 May 2017 08:39:27 GMT" time="78.291" errors="0">
  <testcase name="testLogin1" time="11.837" classname="com.android.Test.Test.TestLogin"/>
  <testcase name="testLogin2" time="24.814" classname="com.android.Test.Test.TestLogin"/>
  <testcase name="testLoogin3" time="6.741" classname="com.android.Test.Test.TestLogin"/>
</testsuite> <!-- Default test -->
