<?xml version="1.0" encoding="UTF-8"?>
<testng-results skipped="0" failed="0" total="3" passed="3">
  <reporter-output>
  </reporter-output>
  <suite name="Default suite" duration-ms="78291" started-at="2017-05-24T08:38:09Z" finished-at="2017-05-24T08:39:27Z">
    <groups>
    </groups>
    <test name="Default test" duration-ms="78291" started-at="2017-05-24T08:38:09Z" finished-at="2017-05-24T08:39:27Z">
      <class name="com.android.Test.Test.TestLogin">
        <test-method status="PASS" signature="setUp()[pri:0, instance:com.android.Test.Test.TestLogin@97e1986]" name="setUp" is-config="true" duration-ms="5123" started-at="2017-05-24T16:38:09Z" finished-at="2017-05-24T16:38:14Z">
          <reporter-output>
          </reporter-output>
        </test-method> <!-- setUp -->
        <test-method status="PASS" signature="testLogin1()[pri:0, instance:com.android.Test.Test.TestLogin@97e1986]" name="testLogin1" duration-ms="11837" started-at="2017-05-24T16:38:14Z" finished-at="2017-05-24T16:38:26Z">
          <reporter-output>
          </reporter-output>
        </test-method> <!-- testLogin1 -->
        <test-method status="PASS" signature="tearDown()[pri:0, instance:com.android.Test.Test.TestLogin@97e1986]" name="tearDown" is-config="true" duration-ms="6302" started-at="2017-05-24T16:38:26Z" finished-at="2017-05-24T16:38:32Z">
          <reporter-output>
          </reporter-output>
        </test-method> <!-- tearDown -->
        <test-method status="PASS" signature="setUp()[pri:0, instance:com.android.Test.Test.TestLogin@97e1986]" name="setUp" is-config="true" duration-ms="5621" started-at="2017-05-24T16:38:32Z" finished-at="2017-05-24T16:38:37Z">
          <reporter-output>
          </reporter-output>
        </test-method> <!-- setUp -->
        <test-method status="PASS" signature="testLogin2()[pri:0, instance:com.android.Test.Test.TestLogin@97e1986]" name="testLogin2" duration-ms="24814" started-at="2017-05-24T16:38:37Z" finished-at="2017-05-24T16:39:02Z">
          <reporter-output>
          </reporter-output>
        </test-method> <!-- testLogin2 -->
        <test-method status="PASS" signature="tearDown()[pri:0, instance:com.android.Test.Test.TestLogin@97e1986]" name="tearDown" is-config="true" duration-ms="5742" started-at="2017-05-24T16:39:02Z" finished-at="2017-05-24T16:39:08Z">
          <reporter-output>
          </reporter-output>
        </test-method> <!-- tearDown -->
        <test-method status="PASS" signature="setUp()[pri:0, instance:com.android.Test.Test.TestLogin@97e1986]" name="setUp" is-config="true" duration-ms="5551" started-at="2017-05-24T16:39:08Z" finished-at="2017-05-24T16:39:14Z">
          <reporter-output>
          </reporter-output>
        </test-method> <!-- setUp -->
        <test-method status="PASS" signature="testLoogin3()[pri:0, instance:com.android.Test.Test.TestLogin@97e1986]" name="testLoogin3" duration-ms="6741" started-at="2017-05-24T16:39:14Z" finished-at="2017-05-24T16:39:20Z">
          <reporter-output>
          </reporter-output>
        </test-method> <!-- testLoogin3 -->
        <test-method status="PASS" signature="tearDown()[pri:0, instance:com.android.Test.Test.TestLogin@97e1986]" name="tearDown" is-config="true" duration-ms="6505" started-at="2017-05-24T16:39:20Z" finished-at="2017-05-24T16:39:27Z">
          <reporter-output>
          </reporter-output>
        </test-method> <!-- tearDown -->
      </class> <!-- com.android.Test.Test.TestLogin -->
    </test> <!-- Default test -->
  </suite> <!-- Default suite -->
</testng-results>
